[2024-06-02 13:10:52] - [error] - Backend failure during the /login webservice data and hash arguments required
[2024-06-02 13:10:52] - [error] - Backend failure during the /login webservice data and hash arguments required
[2024-06-02 13:26:26] - [error] - Backend failure during the /login webservice data and hash arguments required
[2024-06-02 13:27:09] - [error] - Backend failure during the /login webservice data and hash arguments required
[2024-06-02 13:27:35] - [error] - Backend failure during the /login webservice data and hash arguments required
[2024-06-02 13:27:35] - [error] - Backend failure during the /login webservice data and hash arguments required
[2024-06-02 13:27:42] - [error] - Backend failure during the /login webservice data and hash arguments required
[2024-06-02 13:27:43] - [error] - Backend failure during the /login webservice data and hash arguments required
[2024-06-02 13:28:26] - [error] - Backend failure during the /login webservice data and hash arguments required
[2024-06-02 13:29:04] - [error] - Backend failure during the /login webservice customToken is not defined
[2024-06-02 13:30:00] - [error] - Backend failure during the /login webservice data and hash arguments required
[2024-06-02 13:30:06] - [error] - Backend failure during the /login webservice customToken is not defined
[2024-06-02 13:30:20] - [error] - Backend failure during the /login webservice data and hash arguments required
[2024-06-02 13:32:18] - [error] - Backend failure during the /login webservice data and hash arguments required
[2024-06-02 13:32:18] - [error] - Backend failure during the /login webservice data and hash arguments required
[2024-06-02 13:33:29] - [error] - Backend failure during the /login webservice data and hash arguments required
[2024-06-02 13:48:36] - [error] - Backend failure during the /login webservice data and hash arguments required
[2024-06-02 13:48:55] - [error] - Backend failure during the /login webservice The default Firebase app does not exist. Make sure you call initializeApp() before using any of the Firebase services.
[2024-06-02 13:50:33] - [error] - Backend failure during the /login webservice The default Firebase app does not exist. Make sure you call initializeApp() before using any of the Firebase services.
[2024-06-02 13:50:51] - [error] - Backend failure during the /login webservice The default Firebase app does not exist. Make sure you call initializeApp() before using any of the Firebase services.
[2024-06-02 14:30:04] - [error] - Backend failure during the /login webservice data and hash arguments required
[2024-06-02 14:32:17] - [error] - Backend failure during the /login webservice data and hash arguments required
[2024-06-02 14:34:22] - [error] - Backend failure during the /login webservice data and hash arguments required
[2024-06-02 14:34:35] - [error] - Backend failure during the /login webservice data and hash arguments required
[2024-06-02 14:35:21] - [error] - Backend failure during the /login webservice data and hash arguments required
[2024-06-02 14:40:31] - [error] - Backend failure during the /login webservice data and hash arguments required
[2024-06-02 14:51:14] - [error] - Backend failure during the /login webservice data and hash arguments required
[2024-06-02 14:53:18] - [error] - Backend failure during the /login webservice data and hash arguments required
[2024-06-02 14:53:20] - [error] - Backend failure during the /login webservice data and hash arguments required
[2024-06-02 14:53:56] - [error] - Backend failure during the /login webservice data and hash arguments required
[2024-06-02 14:54:03] - [error] - Backend failure during the /login webservice data and hash arguments required
[2024-06-02 14:54:37] - [error] - Backend failure during the /login webservice data and hash arguments required
[2024-06-02 14:55:15] - [error] - Backend failure during the /login webservice data and hash arguments required
[2024-06-02 14:56:33] - [error] - Backend failure during the /login webservice data and hash arguments required
[2024-06-02 15:02:27] - [error] - Backend failure during the /login webservice data and hash arguments required
[2024-06-02 15:02:29] - [error] - Backend failure during the /login webservice data and hash arguments required
[2024-06-02 15:02:48] - [error] - Backend failure during the /login webservice data and hash arguments required
[2024-06-02 15:06:50] - [error] - Backend failure during the /login webservice data and hash arguments required
[2024-06-02 15:10:42] - [error] - Backend failure during the /login webservice data and hash arguments required
[2024-06-02 15:10:44] - [error] - Backend failure during the /login webservice data and hash arguments required
[2024-06-02 15:15:05] - [error] - Backend failure during the /login webservice data and hash arguments required
[2024-06-02 15:39:37] - [error] - Backend failure during the /login webservice data and hash arguments required
[2024-06-02 15:42:02] - [error] - Backend failure during the /login webservice data and hash arguments required
[2024-06-02 15:48:39] - [error] - Backend failure during the /login webservice data and hash arguments required
[2024-06-02 15:49:29] - [error] - Backend failure during the /login webservice data and hash arguments required
[2024-06-02 15:51:35] - [error] - Backend failure during the /login webservice data and hash arguments required
[2024-06-02 15:54:08] - [error] - Backend failure during the /login webservice data and hash arguments required
[2024-06-02 15:54:27] - [error] - Backend failure during the /login webservice data and hash arguments required
[2024-06-02 15:55:12] - [error] - Backend failure during the /login webservice data and hash arguments required
[2024-06-02 16:03:07] - [error] - Backend failure during the /login webservice data and hash arguments required
[2024-06-02 16:03:10] - [error] - Backend failure during the /login webservice data and hash arguments required
[2024-06-02 16:06:34] - [error] - Backend failure during the /login webservice data and hash arguments required
[2024-06-02 16:06:41] - [error] - Backend failure during the /login webservice data and hash arguments required
[2024-06-02 16:07:14] - [error] - Backend failure during the /login webservice data and hash arguments required
[2024-06-02 16:07:21] - [error] - Backend failure during the /login webservice data and hash arguments required
[2024-06-02 16:07:30] - [error] - Backend failure during the /login webservice data and hash arguments required
[2024-06-02 16:08:52] - [error] - Backend failure during the /login webservice data and hash arguments required
[2024-06-02 16:08:52] - [error] - Backend failure during the /login webservice data and hash arguments required
[2024-06-02 16:08:54] - [error] - Backend failure during the /login webservice data and hash arguments required
[2024-06-02 16:08:54] - [error] - Backend failure during the /login webservice data and hash arguments required
[2024-06-02 16:09:22] - [error] - Backend failure during the /login webservice data and hash arguments required
[2024-06-02 16:09:22] - [error] - Backend failure during the /login webservice data and hash arguments required
[2024-06-02 16:09:37] - [error] - Backend failure during the /login webservice data and hash arguments required
[2024-06-02 16:09:37] - [error] - Backend failure during the /login webservice data and hash arguments required
[2024-06-02 16:09:48] - [error] - Backend failure during the /login webservice data and hash arguments required
[2024-06-02 16:09:48] - [error] - Backend failure during the /login webservice data and hash arguments required
[2024-06-02 16:11:11] - [error] - Backend failure during the /login webservice data and hash arguments required
[2024-06-02 16:11:11] - [error] - Backend failure during the /login webservice data and hash arguments required
[2024-06-02 16:11:13] - [error] - Backend failure during the /login webservice data and hash arguments required
[2024-06-02 16:11:13] - [error] - Backend failure during the /login webservice data and hash arguments required
[2024-06-02 16:11:32] - [error] - Backend failure during the /login webservice data and hash arguments required
[2024-06-02 16:11:32] - [error] - Backend failure during the /login webservice data and hash arguments required
[2024-06-02 16:12:47] - [error] - Backend failure during the /login webservice data and hash arguments required
[2024-06-02 16:12:47] - [error] - Backend failure during the /login webservice data and hash arguments required
[2024-06-02 16:13:05] - [error] - Backend failure during the /login webservice data and hash arguments required
[2024-06-02 16:13:56] - [error] - Backend failure during the /login webservice data and hash arguments required
[2024-06-02 16:17:12] - [error] - Backend failure during the /login webservice data and hash arguments required
[2024-06-02 16:19:32] - [error] - Backend failure during the /login webservice data and hash arguments required
[2024-06-02 16:20:37] - [error] - Backend failure during the /login webservice data and hash arguments required
[2024-06-02 16:23:58] - [error] - Backend failure during the /login webservice data and hash arguments required
[2024-06-02 21:35:36] - [error] - Backend failure during the /login webservice data and hash arguments required
[2024-06-02 21:35:48] - [error] - Backend failure during the /login webservice data and hash arguments required
[2024-06-02 21:37:40] - [error] - Backend failure during the /login webservice data and hash arguments required
[2024-06-02 21:38:33] - [error] - Backend failure during the /login webservice data and hash arguments required
[2024-06-02 21:40:34] - [error] - Backend failure during the /login webservice data and hash arguments required
[2024-06-02 21:48:24] - [error] - Backend failure during the /login webservice data and hash arguments required
[2024-06-02 21:50:03] - [error] - Backend failure during the /login webservice data and hash arguments required
[2024-06-02 21:51:42] - [error] - Backend failure during the /login webservice data and hash arguments required
[2024-06-02 21:57:50] - [error] - Backend failure during the /login webservice data and hash arguments required
[2024-06-02 22:00:12] - [error] - Backend failure during the /login webservice data and hash arguments required
[2024-06-02 22:00:43] - [error] - Backend failure during the /login webservice data and hash arguments required
[2024-06-02 22:01:17] - [error] - Backend failure during the /login webservice data and hash arguments required
[2024-06-02 22:02:25] - [error] - Backend failure during the /login webservice data and hash arguments required
[2024-06-02 22:02:47] - [error] - Backend failure during the /login webservice data and hash arguments required
[2024-06-02 22:13:58] - [error] - Backend failure during the /login webservice data and hash arguments required
[2024-06-02 22:15:29] - [error] - Backend failure during the /login webservice data and hash arguments required
[2024-06-02 22:20:21] - [error] - Backend failure during the /login webservice data and hash arguments required
[2024-06-02 22:23:02] - [error] - Backend failure during the /login webservice data and hash arguments required
[2024-06-02 22:24:07] - [error] - Backend failure during the /login webservice data and hash arguments required
[2024-06-02 22:24:09] - [error] - Backend failure during the /login webservice data and hash arguments required
[2024-06-02 22:24:10] - [error] - Backend failure during the /login webservice data and hash arguments required
[2024-06-02 22:25:40] - [error] - Backend failure during the /login webservice data and hash arguments required
[2024-06-02 22:26:33] - [error] - Backend failure during the /login webservice data and hash arguments required
[2024-06-02 22:28:19] - [error] - Backend failure during the /login webservice data and hash arguments required
[2024-06-02 22:29:18] - [error] - Backend failure during the /login webservice data and hash arguments required
[2024-06-02 22:29:38] - [error] - Backend failure during the /login webservice data and hash arguments required
[2024-06-02 22:32:43] - [error] - Backend failure during the /login webservice data and hash arguments required
[2024-06-02 22:33:41] - [error] - Backend failure during the /login webservice data and hash arguments required
[2024-06-02 22:36:53] - [error] - Backend failure during the /login webservice data and hash arguments required
[2024-06-02 22:38:53] - [error] - Backend failure during the /login webservice data and hash arguments required
[2024-06-02 22:40:05] - [error] - Backend failure during the /login webservice data and hash arguments required
[2024-06-02 22:44:00] - [error] - Backend failure during the /login webservice data and hash arguments required
[2024-06-02 22:45:55] - [error] - Backend failure during the /login webservice data and hash arguments required
[2024-06-02 22:52:36] - [error] - Backend failure during the /login webservice data and hash arguments required
[2024-06-02 22:53:51] - [error] - Backend failure during the /login webservice data and hash arguments required
[2024-06-02 22:54:47] - [error] - Backend failure during the /login webservice data and hash arguments required
[2024-06-03 19:11:27] - [error] - Backend failure during the /login webservice data and hash arguments required
[2024-06-03 19:23:44] - [error] - Backend failure during the /login webservice data and hash arguments required
[2024-06-03 19:31:24] - [error] - Backend failure during the /login webservice data and hash arguments required
[2024-06-03 19:40:28] - [error] - Backend failure during the /login webservice data and hash arguments required
[2024-06-03 19:46:50] - [error] - Backend failure during the /login webservice data and hash arguments required
[2024-06-03 19:54:20] - [error] - Backend failure during the /login webservice data and hash arguments required
[2024-06-03 19:54:22] - [error] - Backend failure during the /login webservice data and hash arguments required
[2024-06-03 20:02:20] - [error] - Backend failure during the /login webservice data and hash arguments required
[2024-06-03 20:03:09] - [error] - Backend failure during the /login webservice data and hash arguments required
[2024-06-03 20:05:04] - [error] - Backend failure during the /login webservice data and hash arguments required
[2024-06-03 20:09:22] - [error] - Backend failure during the /login webservice data and hash arguments required
[2024-06-03 20:18:50] - [error] - Backend failure during the /login webservice data and hash arguments required
[2024-06-03 20:47:12] - [error] - Backend failure during the /login webservice data and hash arguments required
[2024-06-03 21:05:23] - [error] - Backend failure during the /login webservice data and hash arguments required
[2024-06-03 21:08:10] - [error] - Backend failure during the /login webservice data and hash arguments required
[2024-06-03 21:26:51] - [error] - Backend failure during the /login webservice data and hash arguments required
[2024-06-03 21:31:08] - [error] - Backend failure during the /login webservice data and hash arguments required
[2024-06-03 21:36:07] - [error] - Backend failure during the /login webservice data and hash arguments required
[2024-06-03 21:38:04] - [error] - Backend failure during the /login webservice data and hash arguments required
[2024-06-03 21:40:41] - [error] - Backend failure during the /login webservice data and hash arguments required
[2024-06-03 21:41:46] - [error] - Backend failure during the /login webservice data and hash arguments required
[2024-06-03 21:49:25] - [error] - Backend failure during the /login webservice data and hash arguments required
[2024-06-03 21:59:49] - [error] - Backend failure during the /login webservice data and hash arguments required
[2024-06-03 22:00:09] - [error] - Backend failure during the /login webservice data and hash arguments required
[2024-06-03 22:01:49] - [error] - Backend failure during the /login webservice data and hash arguments required
[2024-06-03 22:13:25] - [error] - Backend failure during the /login webservice data and hash arguments required
[2024-06-03 22:15:06] - [error] - Backend failure during the /login webservice data and hash arguments required
[2024-06-04 18:29:13] - [error] - Backend failure during the /login webservice data and hash arguments required
[2024-06-04 18:31:10] - [error] - Backend failure during the /login webservice data and hash arguments required
[2024-06-04 18:40:22] - [error] - Backend failure during the /login webservice data and hash arguments required
[2024-06-04 18:40:29] - [error] - [/api/getUserListings] - Error fetching user listings: next_server__WEBPACK_IMPORTED_MODULE_0__.NextResponse.status is not a function
[2024-06-04 18:42:23] - [error] - Backend failure during the /login webservice data and hash arguments required
[2024-06-04 18:43:29] - [error] - Backend failure during the /login webservice data and hash arguments required
[2024-06-04 19:19:48] - [error] - Backend failure during the /login webservice data and hash arguments required
[2024-06-04 19:22:10] - [error] - Backend failure during the /login webservice data and hash arguments required
[2024-06-04 19:31:26] - [error] - Backend failure during the /login webservice data and hash arguments required
[2024-06-04 21:08:31] - [error] - Backend failure during the /login webservice data and hash arguments required
[2024-06-04 21:08:31] - [error] - Backend failure during the /login webservice data and hash arguments required
[2024-06-04 21:08:36] - [error] - Backend failure during the /login webservice user is not defined
[2024-06-04 21:10:13] - [error] - Backend failure during the /login webservice data and hash arguments required
[2024-06-04 21:10:13] - [error] - Backend failure during the /login webservice encrypt is not defined
[2024-06-04 21:10:13] - [error] - Backend failure during the /login webservice data and hash arguments required
[2024-06-04 21:10:27] - [error] - Backend failure during the /login webservice data and hash arguments required
[2024-06-04 21:10:58] - [error] - Backend failure during the /login webservice data and hash arguments required
[2024-06-04 21:13:41] - [error] - Backend failure during the /login webservice data and hash arguments required
[2024-06-04 21:13:41] - [error] - Backend failure during the /login webservice data and hash arguments required
[2024-06-04 21:14:46] - [error] - Backend failure during the /login webservice data and hash arguments required
[2024-06-04 21:14:51] - [error] - Backend failure during the /login webservice Invalid time period format
[2024-06-04 21:15:01] - [error] - Backend failure during the /login webservice Invalid time period format
[2024-06-04 21:15:29] - [error] - Backend failure during the /login webservice data and hash arguments required
[2024-06-04 21:15:47] - [error] - Backend failure during the /login webservice data and hash arguments required
[2024-06-04 21:15:55] - [error] - Backend failure during the /login webservice Invalid time period format
[2024-06-04 21:20:03] - [error] - Backend failure during the /login webservice data and hash arguments required
[2024-06-04 21:20:03] - [error] - Backend failure during the /login webservice data and hash arguments required
[2024-06-04 22:50:42] - [error] - Backend failure during the /login webservice data and hash arguments required
[2024-06-04 22:50:49] - [error] - Backend failure during the /login webservice encrypt is not defined
[2024-06-04 22:51:00] - [error] - Backend failure during the /login webservice encrypt is not defined
[2024-06-04 22:52:09] - [error] - Backend failure during the /login webservice data and hash arguments required
[2024-06-04 22:52:09] - [error] - Backend failure during the /login webservice data and hash arguments required
[2024-06-04 22:57:36] - [error] - Backend failure during the /login webservice data and hash arguments required
[2024-06-04 22:58:30] - [error] - Backend failure during the /login webservice data and hash arguments required
[2024-06-04 22:58:37] - [error] - Backend failure during the /login webservice data and hash arguments required
[2024-06-04 23:00:24] - [error] - Backend failure during the /login webservice data and hash arguments required
[2024-06-04 23:00:33] - [error] - Backend failure during the /login webservice data and hash arguments required
[2024-06-04 23:00:35] - [error] - Backend failure during the /login webservice data and hash arguments required
[2024-06-05 17:24:59] - [error] - Backend failure during the /login webservice data and hash arguments required
[2024-06-05 17:25:08] - [error] - Backend failure during the /login webservice data and hash arguments required
[2024-06-05 17:25:55] - [error] - Backend failure during the /login webservice data and hash arguments required
[2024-06-06 19:51:48] - [error] - Backend failure during the /login webservice updateErr is not defined
[2024-06-06 20:04:35] - [error] - Backend failure during the /login webservice res is not defined
[2024-06-06 20:07:16] - [error] - Backend failure during the /api/changePassword webservice res is not defined
[2024-06-06 20:07:51] - [error] - Backend failure during the /api/changePassword webservice res is not defined
[2024-06-06 21:50:28] - [error] - Backend failure during the /api/changePassword webservice data and salt arguments required
[2024-06-06 21:50:53] - [error] - Backend failure during the /api/changePassword webservice data and salt arguments required
[2024-06-06 21:54:07] - [error] - Backend failure during the /api/changePassword webservice password is not defined
[2024-06-06 21:56:32] - [error] - Backend failure during the /api/resetPassword webservice updateErr is not defined
[2024-06-06 21:57:11] - [error] - Backend failure during the /api/resetPassword webservice updateErr is not defined
[2024-06-06 22:00:36] - [error] - Backend failure during the /api/resetPassword webservice newPassword is not defined
[2024-06-06 22:48:41] - [error] - Backend failure during the /api/changePassword webservice init["status"] must be in the range of 200 to 599, inclusive.
[2024-06-06 22:50:02] - [error] - Backend failure during the /api/changePassword webservice init["status"] must be in the range of 200 to 599, inclusive.
[2024-06-07 15:16:44] - [error] - [nextjsotrtizx@gmail.com] - [/api/signup] - Error in /signup: generateNumericCode is not defined
[2024-06-07 17:34:30] - [error] - Backend failure during the /api/logFrontEndActivity webservice Unexpected end of JSON input
[2024-06-07 18:06:43] - [error] - Backend failure during the /api/logFrontEndActivity webservice next_server__WEBPACK_IMPORTED_MODULE_0__.NextResponse.ok is not a function
[2024-06-07 18:07:26] - [error] - Backend failure during the /api/logFrontEndActivity webservice next_server__WEBPACK_IMPORTED_MODULE_0__.NextResponse.ok is not a function
[2024-06-07 18:11:38] - [error] - Backend failure during the /api/logFrontEndActivity webservice next_server__WEBPACK_IMPORTED_MODULE_0__.NextResponse.ok is not a function
